<?xml version="1.0" encoding="UTF-8"?>
<testng-results skipped="0" failed="0" ignored="0" total="1" passed="1">
  <reporter-output>
  </reporter-output>
  <suite name="Surefire suite" duration-ms="19" started-at="2020-03-22T20:37:15Z" finished-at="2020-03-22T20:37:15Z">
    <groups>
    </groups>
    <test name="Surefire test" duration-ms="19" started-at="2020-03-22T20:37:15Z" finished-at="2020-03-22T20:37:15Z">
      <class name="MyTest">
        <test-method status="PASS" signature="myTest1()[pri:0, instance:MyTest@6e8dacdf]" name="myTest1" duration-ms="5" started-at="2020-03-22T20:37:15Z" finished-at="2020-03-22T20:37:15Z">
          <reporter-output>
          </reporter-output>
        </test-method> <!-- myTest1 -->
      </class> <!-- MyTest -->
    </test> <!-- Surefire test -->
  </suite> <!-- Surefire suite -->
</testng-results>
